{"F:\\FrontEnd\\RSSchool\\Projects\\Stage1_2023\\eCommerce-Application\\src\\components\\styledBtn\\index.ts": {"path":"F:\\FrontEnd\\RSSchool\\Projects\\Stage1_2023\\eCommerce-Application\\src\\components\\styledBtn\\index.ts","all":false,"statementMap":{"0":{"start":{"line":1,"column":0},"end":{"line":1,"column":39}},"1":{"start":{"line":2,"column":0},"end":{"line":2,"column":0}},"2":{"start":{"line":3,"column":0},"end":{"line":3,"column":56}},"3":{"start":{"line":4,"column":0},"end":{"line":4,"column":70}},"4":{"start":{"line":5,"column":0},"end":{"line":5,"column":65}},"5":{"start":{"line":6,"column":0},"end":{"line":6,"column":17}},"6":{"start":{"line":7,"column":0},"end":{"line":7,"column":14}},"7":{"start":{"line":8,"column":0},"end":{"line":8,"column":22}},"8":{"start":{"line":9,"column":0},"end":{"line":9,"column":24}},"9":{"start":{"line":10,"column":0},"end":{"line":10,"column":21}},"10":{"start":{"line":11,"column":0},"end":{"line":11,"column":18}},"11":{"start":{"line":12,"column":0},"end":{"line":12,"column":21}},"12":{"start":{"line":13,"column":0},"end":{"line":13,"column":0}},"13":{"start":{"line":14,"column":0},"end":{"line":14,"column":11}},"14":{"start":{"line":15,"column":0},"end":{"line":15,"column":72}},"15":{"start":{"line":16,"column":0},"end":{"line":16,"column":67}},"16":{"start":{"line":17,"column":0},"end":{"line":17,"column":3}},"17":{"start":{"line":18,"column":0},"end":{"line":18,"column":2}},"18":{"start":{"line":19,"column":0},"end":{"line":19,"column":0}},"19":{"start":{"line":20,"column":0},"end":{"line":20,"column":41}},"20":{"start":{"line":21,"column":0},"end":{"line":21,"column":17}},"21":{"start":{"line":22,"column":0},"end":{"line":22,"column":24}},"22":{"start":{"line":23,"column":0},"end":{"line":23,"column":22}},"23":{"start":{"line":24,"column":0},"end":{"line":24,"column":2}},"24":{"start":{"line":25,"column":0},"end":{"line":25,"column":0}},"25":{"start":{"line":26,"column":0},"end":{"line":26,"column":37}}},"s":{"0":1,"1":1,"2":1,"3":1,"4":1,"5":1,"6":1,"7":1,"8":1,"9":1,"10":1,"11":1,"12":1,"13":1,"14":1,"15":1,"16":1,"17":1,"18":1,"19":1,"20":1,"21":1,"22":1,"23":1,"24":1,"25":1},"branchMap":{"0":{"type":"branch","line":4,"loc":{"start":{"line":4,"column":16},"end":{"line":4,"column":69}},"locations":[{"start":{"line":4,"column":16},"end":{"line":4,"column":69}}]},"1":{"type":"branch","line":4,"loc":{"start":{"line":4,"column":35},"end":{"line":4,"column":58}},"locations":[{"start":{"line":4,"column":35},"end":{"line":4,"column":58}}]},"2":{"type":"branch","line":5,"loc":{"start":{"line":5,"column":11},"end":{"line":5,"column":64}},"locations":[{"start":{"line":5,"column":11},"end":{"line":5,"column":64}}]},"3":{"type":"branch","line":5,"loc":{"start":{"line":5,"column":30},"end":{"line":5,"column":53}},"locations":[{"start":{"line":5,"column":30},"end":{"line":5,"column":53}}]},"4":{"type":"branch","line":15,"loc":{"start":{"line":15,"column":18},"end":{"line":15,"column":71}},"locations":[{"start":{"line":15,"column":18},"end":{"line":15,"column":71}}]},"5":{"type":"branch","line":15,"loc":{"start":{"line":15,"column":37},"end":{"line":15,"column":60}},"locations":[{"start":{"line":15,"column":37},"end":{"line":15,"column":60}}]},"6":{"type":"branch","line":16,"loc":{"start":{"line":16,"column":13},"end":{"line":16,"column":66}},"locations":[{"start":{"line":16,"column":13},"end":{"line":16,"column":66}}]},"7":{"type":"branch","line":16,"loc":{"start":{"line":16,"column":32},"end":{"line":16,"column":55}},"locations":[{"start":{"line":16,"column":32},"end":{"line":16,"column":55}}]}},"b":{"0":[1],"1":[0],"2":[1],"3":[0],"4":[1],"5":[0],"6":[1],"7":[0]},"fnMap":{"0":{"name":"__vite_ssr_import_0__.default.button.$primary.$primary","decl":{"start":{"line":4,"column":16},"end":{"line":4,"column":69}},"loc":{"start":{"line":4,"column":16},"end":{"line":4,"column":69}},"line":4},"1":{"name":"__vite_ssr_import_0__.default.button.$primary.$primary","decl":{"start":{"line":5,"column":11},"end":{"line":5,"column":64}},"loc":{"start":{"line":5,"column":11},"end":{"line":5,"column":64}},"line":5},"2":{"name":"__vite_ssr_import_0__.default.button.$primary.$primary","decl":{"start":{"line":15,"column":18},"end":{"line":15,"column":71}},"loc":{"start":{"line":15,"column":18},"end":{"line":15,"column":71}},"line":15}},"f":{"0":1,"1":1,"2":1}}
}
